<?xml version="1.0" encoding="UTF-8"?>
<testsuite name="com.alanford.carpediem.QuotesControllerTest" tests="2" skipped="0" failures="0" errors="0" timestamp="2020-06-27T02:46:32" hostname="LAPC02VTB5GHTD6" time="0.501">
  <properties/>
  <testcase name="listOfTopThirtyQuotes()" classname="com.alanford.carpediem.QuotesControllerTest" time="0.496"/>
  <testcase name="getQuote()" classname="com.alanford.carpediem.QuotesControllerTest" time="0.004"/>
  <system-out><![CDATA[22:46:30.896 [Test worker] DEBUG org.springframework.test.context.BootstrapUtils - Instantiating CacheAwareContextLoaderDelegate from class [org.springframework.test.context.cache.DefaultCacheAwareContextLoaderDelegate]
22:46:30.909 [Test worker] DEBUG org.springframework.test.context.BootstrapUtils - Instantiating BootstrapContext using constructor [public org.springframework.test.context.support.DefaultBootstrapContext(java.lang.Class,org.springframework.test.context.CacheAwareContextLoaderDelegate)]
22:46:30.952 [Test worker] DEBUG org.springframework.test.context.BootstrapUtils - Instantiating TestContextBootstrapper for test class [com.alanford.carpediem.QuotesControllerTest] from class [org.springframework.boot.test.context.SpringBootTestContextBootstrapper]
22:46:30.979 [Test worker] INFO org.springframework.boot.test.context.SpringBootTestContextBootstrapper - Neither @ContextConfiguration nor @ContextHierarchy found for test class [com.alanford.carpediem.QuotesControllerTest], using SpringBootContextLoader
22:46:30.983 [Test worker] DEBUG org.springframework.test.context.support.AbstractContextLoader - Did not detect default resource location for test class [com.alanford.carpediem.QuotesControllerTest]: class path resource [com/alanford/carpediem/QuotesControllerTest-context.xml] does not exist
22:46:30.984 [Test worker] DEBUG org.springframework.test.context.support.AbstractContextLoader - Did not detect default resource location for test class [com.alanford.carpediem.QuotesControllerTest]: class path resource [com/alanford/carpediem/QuotesControllerTestContext.groovy] does not exist
22:46:30.984 [Test worker] INFO org.springframework.test.context.support.AbstractContextLoader - Could not detect default resource locations for test class [com.alanford.carpediem.QuotesControllerTest]: no resource found for suffixes {-context.xml, Context.groovy}.
22:46:30.985 [Test worker] INFO org.springframework.test.context.support.AnnotationConfigContextLoaderUtils - Could not detect default configuration classes for test class [com.alanford.carpediem.QuotesControllerTest]: QuotesControllerTest does not declare any static, non-private, non-final, nested classes annotated with @Configuration.
22:46:31.030 [Test worker] DEBUG org.springframework.test.context.support.ActiveProfilesUtils - Could not find an 'annotation declaring class' for annotation type [org.springframework.test.context.ActiveProfiles] and class [com.alanford.carpediem.QuotesControllerTest]
22:46:31.102 [Test worker] DEBUG org.springframework.context.annotation.ClassPathScanningCandidateComponentProvider - Identified candidate component class: file [/Users/ganastasovki/Documents/carpe-diem/build/classes/kotlin/main/com/alanford/carpediem/CarpediemApplication.class]
22:46:31.104 [Test worker] INFO org.springframework.boot.test.context.SpringBootTestContextBootstrapper - Found @SpringBootConfiguration com.alanford.carpediem.CarpediemApplication for test class com.alanford.carpediem.QuotesControllerTest
22:46:31.187 [Test worker] DEBUG org.springframework.boot.test.context.SpringBootTestContextBootstrapper - @TestExecutionListeners is not present for class [com.alanford.carpediem.QuotesControllerTest]: using defaults.
22:46:31.188 [Test worker] INFO org.springframework.boot.test.context.SpringBootTestContextBootstrapper - Loaded default TestExecutionListener class names from location [META-INF/spring.factories]: [org.springframework.boot.test.autoconfigure.restdocs.RestDocsTestExecutionListener, org.springframework.boot.test.autoconfigure.web.client.MockRestServiceServerResetTestExecutionListener, org.springframework.boot.test.autoconfigure.web.servlet.MockMvcPrintOnlyOnFailureTestExecutionListener, org.springframework.boot.test.autoconfigure.web.servlet.WebDriverTestExecutionListener, org.springframework.boot.test.autoconfigure.webservices.client.MockWebServiceServerTestExecutionListener, org.springframework.boot.test.mock.mockito.MockitoTestExecutionListener, org.springframework.boot.test.mock.mockito.ResetMocksTestExecutionListener, org.springframework.test.context.web.ServletTestExecutionListener, org.springframework.test.context.support.DirtiesContextBeforeModesTestExecutionListener, org.springframework.test.context.support.DependencyInjectionTestExecutionListener, org.springframework.test.context.support.DirtiesContextTestExecutionListener, org.springframework.test.context.transaction.TransactionalTestExecutionListener, org.springframework.test.context.jdbc.SqlScriptsTestExecutionListener, org.springframework.test.context.event.EventPublishingTestExecutionListener]
22:46:31.202 [Test worker] DEBUG org.springframework.boot.test.context.SpringBootTestContextBootstrapper - Skipping candidate TestExecutionListener [org.springframework.test.context.transaction.TransactionalTestExecutionListener] due to a missing dependency. Specify custom listener classes or make the default listener classes and their required dependencies available. Offending class: [org/springframework/transaction/interceptor/TransactionAttributeSource]
22:46:31.203 [Test worker] DEBUG org.springframework.boot.test.context.SpringBootTestContextBootstrapper - Skipping candidate TestExecutionListener [org.springframework.test.context.jdbc.SqlScriptsTestExecutionListener] due to a missing dependency. Specify custom listener classes or make the default listener classes and their required dependencies available. Offending class: [org/springframework/transaction/interceptor/TransactionAttribute]
22:46:31.203 [Test worker] INFO org.springframework.boot.test.context.SpringBootTestContextBootstrapper - Using TestExecutionListeners: [org.springframework.test.context.web.ServletTestExecutionListener@19224f0c, org.springframework.test.context.support.DirtiesContextBeforeModesTestExecutionListener@1f21bdfb, org.springframework.boot.test.mock.mockito.MockitoTestExecutionListener@4f37d737, org.springframework.boot.test.autoconfigure.SpringBootDependencyInjectionTestExecutionListener@55c53291, org.springframework.test.context.support.DirtiesContextTestExecutionListener@5e944d0a, org.springframework.test.context.event.EventPublishingTestExecutionListener@4c48ed46, org.springframework.boot.test.autoconfigure.restdocs.RestDocsTestExecutionListener@3d370597, org.springframework.boot.test.autoconfigure.web.client.MockRestServiceServerResetTestExecutionListener@411af91a, org.springframework.boot.test.autoconfigure.web.servlet.MockMvcPrintOnlyOnFailureTestExecutionListener@3d1a002e, org.springframework.boot.test.autoconfigure.web.servlet.WebDriverTestExecutionListener@3633f816, org.springframework.boot.test.autoconfigure.webservices.client.MockWebServiceServerTestExecutionListener@332d58fa, org.springframework.boot.test.mock.mockito.ResetMocksTestExecutionListener@25e9a5ac]
22:46:31.207 [Test worker] DEBUG org.springframework.test.context.support.AbstractDirtiesContextTestExecutionListener - Before test class: context [DefaultTestContext@73b972d testClass = QuotesControllerTest, testInstance = [null], testMethod = [null], testException = [null], mergedContextConfiguration = [WebMergedContextConfiguration@1f11a030 testClass = QuotesControllerTest, locations = '{}', classes = '{class com.alanford.carpediem.CarpediemApplication}', contextInitializerClasses = '[]', activeProfiles = '{}', propertySourceLocations = '{}', propertySourceProperties = '{org.springframework.boot.test.context.SpringBootTestContextBootstrapper=true}', contextCustomizers = set[org.springframework.boot.test.autoconfigure.properties.PropertyMappingContextCustomizer@0, org.springframework.boot.test.autoconfigure.web.servlet.WebDriverContextCustomizerFactory$Customizer@2843fcb7, org.springframework.boot.test.context.filter.ExcludeFilterContextCustomizer@93ff89c, org.springframework.boot.test.json.DuplicateJsonObjectContextCustomizerFactory$DuplicateJsonObjectContextCustomizer@24b8ff4b, org.springframework.boot.test.mock.mockito.MockitoContextCustomizer@0, org.springframework.boot.test.web.client.TestRestTemplateContextCustomizer@40849070, org.springframework.boot.test.context.SpringBootTestArgs@1], resourceBasePath = 'src/main/webapp', contextLoader = 'org.springframework.boot.test.context.SpringBootContextLoader', parent = [null]], attributes = map['org.springframework.test.context.web.ServletTestExecutionListener.activateListener' -> true]], class annotated with @DirtiesContext [false] with mode [null].
22:46:31.228 [Test worker] DEBUG org.springframework.test.context.support.TestPropertySourceUtils - Adding inlined properties to environment: {spring.jmx.enabled=false, org.springframework.boot.test.context.SpringBootTestContextBootstrapper=true}

  .   ____          _            __ _ _
 /\\ / ___'_ __ _ _(_)_ __  __ _ \ \ \ \
( ( )\___ | '_ | '_| | '_ \/ _` | \ \ \ \
 \\/  ___)| |_)| | | | | || (_| |  ) ) ) )
  '  |____| .__|_| |_|_| |_\__, | / / / /
 =========|_|==============|___/=/_/_/_/
 :: Spring Boot ::        (v2.3.1.RELEASE)

2020-06-26 22:46:31.480  INFO 50127 --- [    Test worker] c.a.carpediem.QuotesControllerTest       : Starting QuotesControllerTest on LAPC02VTB5GHTD6 with PID 50127 (started by ganastasovki in /Users/ganastasovki/Documents/carpe-diem)
2020-06-26 22:46:31.481  INFO 50127 --- [    Test worker] c.a.carpediem.QuotesControllerTest       : No active profile set, falling back to default profiles: default
2020-06-26 22:46:32.457  INFO 50127 --- [    Test worker] o.s.s.concurrent.ThreadPoolTaskExecutor  : Initializing ExecutorService 'applicationTaskExecutor'
2020-06-26 22:46:32.674  INFO 50127 --- [    Test worker] c.a.carpediem.QuotesControllerTest       : Started QuotesControllerTest in 1.437 seconds (JVM running for 2.677)
]]></system-out>
  <system-err><![CDATA[]]></system-err>
</testsuite>
