<?xml version="1.0" encoding="UTF-8"?>
<testsuite name="com.alanford.carpediem.QuotesControllerAPICallsTest" tests="2" skipped="0" failures="0" errors="0" timestamp="2020-07-02T01:26:23" hostname="LAPC02VTB5GHTD6" time="0.203">
  <properties/>
  <testcase name="verify that quotes api call returns a list of quotes()" classname="com.alanford.carpediem.QuotesControllerAPICallsTest" time="0.179"/>
  <testcase name="verify that quote api call returns a particular quote()" classname="com.alanford.carpediem.QuotesControllerAPICallsTest" time="0.021"/>
  <system-out><![CDATA[21:26:21.271 [Test worker] DEBUG org.springframework.test.context.BootstrapUtils - Instantiating CacheAwareContextLoaderDelegate from class [org.springframework.test.context.cache.DefaultCacheAwareContextLoaderDelegate]
21:26:21.282 [Test worker] DEBUG org.springframework.test.context.BootstrapUtils - Instantiating BootstrapContext using constructor [public org.springframework.test.context.support.DefaultBootstrapContext(java.lang.Class,org.springframework.test.context.CacheAwareContextLoaderDelegate)]
21:26:21.309 [Test worker] DEBUG org.springframework.test.context.BootstrapUtils - Instantiating TestContextBootstrapper for test class [com.alanford.carpediem.QuotesControllerAPICallsTest] from class [org.springframework.boot.test.autoconfigure.web.servlet.WebMvcTestContextBootstrapper]
21:26:21.323 [Test worker] INFO org.springframework.boot.test.autoconfigure.web.servlet.WebMvcTestContextBootstrapper - Neither @ContextConfiguration nor @ContextHierarchy found for test class [com.alanford.carpediem.QuotesControllerAPICallsTest], using SpringBootContextLoader
21:26:21.327 [Test worker] DEBUG org.springframework.test.context.support.AbstractContextLoader - Did not detect default resource location for test class [com.alanford.carpediem.QuotesControllerAPICallsTest]: class path resource [com/alanford/carpediem/QuotesControllerAPICallsTest-context.xml] does not exist
21:26:21.328 [Test worker] DEBUG org.springframework.test.context.support.AbstractContextLoader - Did not detect default resource location for test class [com.alanford.carpediem.QuotesControllerAPICallsTest]: class path resource [com/alanford/carpediem/QuotesControllerAPICallsTestContext.groovy] does not exist
21:26:21.328 [Test worker] INFO org.springframework.test.context.support.AbstractContextLoader - Could not detect default resource locations for test class [com.alanford.carpediem.QuotesControllerAPICallsTest]: no resource found for suffixes {-context.xml, Context.groovy}.
21:26:21.328 [Test worker] INFO org.springframework.test.context.support.AnnotationConfigContextLoaderUtils - Could not detect default configuration classes for test class [com.alanford.carpediem.QuotesControllerAPICallsTest]: QuotesControllerAPICallsTest does not declare any static, non-private, non-final, nested classes annotated with @Configuration.
21:26:21.391 [Test worker] DEBUG org.springframework.test.context.support.ActiveProfilesUtils - Could not find an 'annotation declaring class' for annotation type [org.springframework.test.context.ActiveProfiles] and class [com.alanford.carpediem.QuotesControllerAPICallsTest]
21:26:21.439 [Test worker] DEBUG org.springframework.context.annotation.ClassPathScanningCandidateComponentProvider - Identified candidate component class: file [/Users/ganastasovki/Documents/carpe-diem/build/classes/kotlin/main/com/alanford/carpediem/CarpeDiemApplication.class]
21:26:21.440 [Test worker] INFO org.springframework.boot.test.context.SpringBootTestContextBootstrapper - Found @SpringBootConfiguration com.alanford.carpediem.CarpeDiemApplication for test class com.alanford.carpediem.QuotesControllerAPICallsTest
21:26:21.442 [Test worker] DEBUG org.springframework.boot.test.autoconfigure.web.servlet.WebMvcTestContextBootstrapper - @TestExecutionListeners is not present for class [com.alanford.carpediem.QuotesControllerAPICallsTest]: using defaults.
21:26:21.443 [Test worker] INFO org.springframework.boot.test.autoconfigure.web.servlet.WebMvcTestContextBootstrapper - Loaded default TestExecutionListener class names from location [META-INF/spring.factories]: [org.springframework.boot.test.autoconfigure.restdocs.RestDocsTestExecutionListener, org.springframework.boot.test.autoconfigure.web.client.MockRestServiceServerResetTestExecutionListener, org.springframework.boot.test.autoconfigure.web.servlet.MockMvcPrintOnlyOnFailureTestExecutionListener, org.springframework.boot.test.autoconfigure.web.servlet.WebDriverTestExecutionListener, org.springframework.boot.test.autoconfigure.webservices.client.MockWebServiceServerTestExecutionListener, org.springframework.boot.test.mock.mockito.MockitoTestExecutionListener, org.springframework.boot.test.mock.mockito.ResetMocksTestExecutionListener, org.springframework.test.context.web.ServletTestExecutionListener, org.springframework.test.context.support.DirtiesContextBeforeModesTestExecutionListener, org.springframework.test.context.support.DependencyInjectionTestExecutionListener, org.springframework.test.context.support.DirtiesContextTestExecutionListener, org.springframework.test.context.transaction.TransactionalTestExecutionListener, org.springframework.test.context.jdbc.SqlScriptsTestExecutionListener, org.springframework.test.context.event.EventPublishingTestExecutionListener]
21:26:21.462 [Test worker] INFO org.springframework.boot.test.autoconfigure.web.servlet.WebMvcTestContextBootstrapper - Using TestExecutionListeners: [org.springframework.test.context.web.ServletTestExecutionListener@3d197225, org.springframework.test.context.support.DirtiesContextBeforeModesTestExecutionListener@1917543f, org.springframework.boot.test.mock.mockito.MockitoTestExecutionListener@2d9d3164, org.springframework.boot.test.autoconfigure.SpringBootDependencyInjectionTestExecutionListener@16480ac1, org.springframework.test.context.support.DirtiesContextTestExecutionListener@60b6ca77, org.springframework.test.context.transaction.TransactionalTestExecutionListener@43a3ccf2, org.springframework.test.context.jdbc.SqlScriptsTestExecutionListener@7f1c3f3, org.springframework.test.context.event.EventPublishingTestExecutionListener@5139dfce, org.springframework.boot.test.autoconfigure.restdocs.RestDocsTestExecutionListener@78a52ec, org.springframework.boot.test.autoconfigure.web.client.MockRestServiceServerResetTestExecutionListener@5a13dab3, org.springframework.boot.test.autoconfigure.web.servlet.MockMvcPrintOnlyOnFailureTestExecutionListener@53747459, org.springframework.boot.test.autoconfigure.web.servlet.WebDriverTestExecutionListener@4cac1656, org.springframework.boot.test.autoconfigure.webservices.client.MockWebServiceServerTestExecutionListener@1964301d, org.springframework.boot.test.mock.mockito.ResetMocksTestExecutionListener@5de6a7c0]
21:26:21.466 [Test worker] DEBUG org.springframework.test.context.support.AbstractDirtiesContextTestExecutionListener - Before test class: context [DefaultTestContext@7dc1ab51 testClass = QuotesControllerAPICallsTest, testInstance = [null], testMethod = [null], testException = [null], mergedContextConfiguration = [WebMergedContextConfiguration@3762bec3 testClass = QuotesControllerAPICallsTest, locations = '{}', classes = '{class com.alanford.carpediem.CarpeDiemApplication}', contextInitializerClasses = '[]', activeProfiles = '{}', propertySourceLocations = '{}', propertySourceProperties = '{org.springframework.boot.test.autoconfigure.web.servlet.WebMvcTestContextBootstrapper=true}', contextCustomizers = set[org.springframework.boot.test.autoconfigure.OverrideAutoConfigurationContextCustomizerFactory$DisableAutoConfigurationContextCustomizer@14b5921c, org.springframework.boot.test.autoconfigure.filter.TypeExcludeFiltersContextCustomizer@4e9f11, org.springframework.boot.test.autoconfigure.properties.PropertyMappingContextCustomizer@1f7e77e7, org.springframework.boot.test.autoconfigure.web.servlet.WebDriverContextCustomizerFactory$Customizer@1da1b183, [ImportsContextCustomizer@338399e5 key = [org.springframework.boot.autoconfigure.cache.CacheAutoConfiguration, org.springframework.boot.autoconfigure.context.MessageSourceAutoConfiguration, org.springframework.boot.autoconfigure.data.web.SpringDataWebAutoConfiguration, org.springframework.boot.autoconfigure.freemarker.FreeMarkerAutoConfiguration, org.springframework.boot.autoconfigure.groovy.template.GroovyTemplateAutoConfiguration, org.springframework.boot.autoconfigure.gson.GsonAutoConfiguration, org.springframework.boot.autoconfigure.hateoas.HypermediaAutoConfiguration, org.springframework.boot.autoconfigure.http.HttpMessageConvertersAutoConfiguration, org.springframework.boot.autoconfigure.jackson.JacksonAutoConfiguration, org.springframework.boot.autoconfigure.jsonb.JsonbAutoConfiguration, org.springframework.boot.autoconfigure.mustache.MustacheAutoConfiguration, org.springframework.boot.autoconfigure.task.TaskExecutionAutoConfiguration, org.springframework.boot.autoconfigure.thymeleaf.ThymeleafAutoConfiguration, org.springframework.boot.autoconfigure.validation.ValidationAutoConfiguration, org.springframework.boot.autoconfigure.web.servlet.error.ErrorMvcAutoConfiguration, org.springframework.boot.autoconfigure.web.servlet.WebMvcAutoConfiguration, org.springframework.boot.test.autoconfigure.web.servlet.MockMvcAutoConfiguration, org.springframework.boot.test.autoconfigure.web.servlet.MockMvcWebClientAutoConfiguration, org.springframework.boot.test.autoconfigure.web.servlet.MockMvcWebDriverAutoConfiguration, org.springframework.boot.autoconfigure.security.oauth2.client.servlet.OAuth2ClientAutoConfiguration, org.springframework.boot.autoconfigure.security.oauth2.resource.servlet.OAuth2ResourceServerAutoConfiguration, org.springframework.boot.autoconfigure.security.servlet.SecurityAutoConfiguration, org.springframework.boot.autoconfigure.security.servlet.SecurityFilterAutoConfiguration, org.springframework.boot.autoconfigure.security.servlet.UserDetailsServiceAutoConfiguration, org.springframework.boot.test.autoconfigure.web.servlet.MockMvcSecurityConfiguration]], org.springframework.boot.test.context.filter.ExcludeFilterContextCustomizer@6f128219, org.springframework.boot.test.json.DuplicateJsonObjectContextCustomizerFactory$DuplicateJsonObjectContextCustomizer@546663cd, org.springframework.boot.test.mock.mockito.MockitoContextCustomizer@11ed0634, org.springframework.boot.test.context.SpringBootTestArgs@1], resourceBasePath = 'src/main/webapp', contextLoader = 'org.springframework.boot.test.context.SpringBootContextLoader', parent = [null]], attributes = map[[empty]]], class annotated with @DirtiesContext [false] with mode [null].
21:26:21.494 [Test worker] DEBUG org.springframework.test.context.support.TestPropertySourceUtils - Adding inlined properties to environment: {spring.jmx.enabled=false, org.springframework.boot.test.autoconfigure.web.servlet.WebMvcTestContextBootstrapper=true}

  .   ____          _            __ _ _
 /\\ / ___'_ __ _ _(_)_ __  __ _ \ \ \ \
( ( )\___ | '_ | '_| | '_ \/ _` | \ \ \ \
 \\/  ___)| |_)| | | | | || (_| |  ) ) ) )
  '  |____| .__|_| |_|_| |_\__, | / / / /
 =========|_|==============|___/=/_/_/_/
 :: Spring Boot ::        (v2.3.1.RELEASE)

2020-07-01 21:26:21.891  INFO 63114 --- [    Test worker] c.a.c.QuotesControllerAPICallsTest       : Starting QuotesControllerAPICallsTest on LAPC02VTB5GHTD6 with PID 63114 (started by ganastasovki in /Users/ganastasovki/Documents/carpe-diem)
2020-07-01 21:26:21.894  INFO 63114 --- [    Test worker] c.a.c.QuotesControllerAPICallsTest       : No active profile set, falling back to default profiles: default
2020-07-01 21:26:22.501  INFO 63114 --- [    Test worker] ptablePropertiesBeanFactoryPostProcessor : Post-processing PropertySource instances
2020-07-01 21:26:22.503  INFO 63114 --- [    Test worker] c.u.j.EncryptablePropertySourceConverter : Converting PropertySource Annotations [org.springframework.boot.test.autoconfigure.properties.AnnotationsPropertySource] to EncryptableEnumerablePropertySourceWrapper
2020-07-01 21:26:22.526  INFO 63114 --- [    Test worker] c.u.j.EncryptablePropertySourceConverter : Converting PropertySource configurationProperties [org.springframework.boot.context.properties.source.ConfigurationPropertySourcesPropertySource] to AOP Proxy
2020-07-01 21:26:22.526  INFO 63114 --- [    Test worker] c.u.j.EncryptablePropertySourceConverter : Converting PropertySource test [org.springframework.core.env.MapPropertySource] to EncryptableMapPropertySourceWrapper
2020-07-01 21:26:22.527  INFO 63114 --- [    Test worker] c.u.j.EncryptablePropertySourceConverter : Converting PropertySource Inlined Test Properties [org.springframework.core.env.MapPropertySource] to EncryptableMapPropertySourceWrapper
2020-07-01 21:26:22.527  INFO 63114 --- [    Test worker] c.u.j.EncryptablePropertySourceConverter : Converting PropertySource systemProperties [org.springframework.core.env.PropertiesPropertySource] to EncryptableMapPropertySourceWrapper
2020-07-01 21:26:22.527  INFO 63114 --- [    Test worker] c.u.j.EncryptablePropertySourceConverter : Converting PropertySource systemEnvironment [org.springframework.boot.env.SystemEnvironmentPropertySourceEnvironmentPostProcessor$OriginAwareSystemEnvironmentPropertySource] to EncryptableSystemEnvironmentPropertySourceWrapper
2020-07-01 21:26:22.527  INFO 63114 --- [    Test worker] c.u.j.EncryptablePropertySourceConverter : Converting PropertySource random [org.springframework.boot.env.RandomValuePropertySource] to EncryptablePropertySourceWrapper
2020-07-01 21:26:22.528  INFO 63114 --- [    Test worker] c.u.j.EncryptablePropertySourceConverter : Converting PropertySource applicationConfig: [classpath:/application.properties] [org.springframework.boot.env.OriginTrackedMapPropertySource] to EncryptableMapPropertySourceWrapper
2020-07-01 21:26:23.129  INFO 63114 --- [    Test worker] c.u.j.filter.DefaultLazyPropertyFilter   : Property Filter custom Bean not found with name 'encryptablePropertyFilter'. Initializing Default Property Filter
2020-07-01 21:26:23.492  INFO 63114 --- [    Test worker] o.s.s.concurrent.ThreadPoolTaskExecutor  : Initializing ExecutorService 'applicationTaskExecutor'
2020-07-01 21:26:23.709  INFO 63114 --- [    Test worker] o.s.b.t.m.w.SpringBootMockServletContext : Initializing Spring TestDispatcherServlet ''
2020-07-01 21:26:23.709  INFO 63114 --- [    Test worker] o.s.t.web.servlet.TestDispatcherServlet  : Initializing Servlet ''
2020-07-01 21:26:23.722  INFO 63114 --- [    Test worker] o.s.t.web.servlet.TestDispatcherServlet  : Completed initialization in 13 ms
2020-07-01 21:26:23.749  INFO 63114 --- [    Test worker] c.a.c.QuotesControllerAPICallsTest       : Started QuotesControllerAPICallsTest in 2.246 seconds (JVM running for 3.228)

MockHttpServletRequest:
      HTTP Method = GET
      Request URI = /quotes
       Parameters = {}
          Headers = []
             Body = <no character encoding set>
    Session Attrs = {}

Handler:
             Type = com.alanford.carpediem.controllers.QuotesController
           Method = com.alanford.carpediem.controllers.QuotesController#listOfAllQuotes()

Async:
    Async started = false
     Async result = null

Resolved Exception:
             Type = null

ModelAndView:
        View name = null
             View = null
            Model = null

FlashMap:
       Attributes = null

MockHttpServletResponse:
           Status = 200
    Error message = null
          Headers = [Content-Type:"application/json"]
     Content type = application/json
             Body = [{"id":"1","quote":"Quote 1","author":"Author 1"},{"id":"2","quote":"Quote 2","author":"Author 2"}]
    Forwarded URL = null
   Redirected URL = null
          Cookies = []

MockHttpServletRequest:
      HTTP Method = GET
      Request URI = /quote
       Parameters = {id=[1]}
          Headers = []
             Body = <no character encoding set>
    Session Attrs = {}

Handler:
             Type = com.alanford.carpediem.controllers.QuotesController
           Method = com.alanford.carpediem.controllers.QuotesController#getQuote(String)

Async:
    Async started = false
     Async result = null

Resolved Exception:
             Type = null

ModelAndView:
        View name = null
             View = null
            Model = null

FlashMap:
       Attributes = null

MockHttpServletResponse:
           Status = 200
    Error message = null
          Headers = [Content-Type:"application/json"]
     Content type = application/json
             Body = {"id":"1","quote":"Quote 1","author":"Author 1"}
    Forwarded URL = null
   Redirected URL = null
          Cookies = []
]]></system-out>
  <system-err><![CDATA[]]></system-err>
</testsuite>
