<?xml version="1.0" encoding="UTF-8"?>
<testsuite name="com.alanford.carpediem.CarpediemApplicationTest" tests="2" skipped="0" failures="0" errors="0" timestamp="2020-06-26T00:28:04" hostname="LAPC02VTB5GHTD6" time="0.535">
  <properties/>
  <testcase name="listOfTopThirtyQuotes()" classname="com.alanford.carpediem.CarpediemApplicationTest" time="0.531"/>
  <testcase name="getQuote()" classname="com.alanford.carpediem.CarpediemApplicationTest" time="0.003"/>
  <system-out><![CDATA[20:28:02.384 [Test worker] DEBUG org.springframework.test.context.BootstrapUtils - Instantiating CacheAwareContextLoaderDelegate from class [org.springframework.test.context.cache.DefaultCacheAwareContextLoaderDelegate]
20:28:02.397 [Test worker] DEBUG org.springframework.test.context.BootstrapUtils - Instantiating BootstrapContext using constructor [public org.springframework.test.context.support.DefaultBootstrapContext(java.lang.Class,org.springframework.test.context.CacheAwareContextLoaderDelegate)]
20:28:02.427 [Test worker] DEBUG org.springframework.test.context.BootstrapUtils - Instantiating TestContextBootstrapper for test class [com.alanford.carpediem.CarpediemApplicationTest] from class [org.springframework.boot.test.context.SpringBootTestContextBootstrapper]
20:28:02.454 [Test worker] INFO org.springframework.boot.test.context.SpringBootTestContextBootstrapper - Neither @ContextConfiguration nor @ContextHierarchy found for test class [com.alanford.carpediem.CarpediemApplicationTest], using SpringBootContextLoader
20:28:02.459 [Test worker] DEBUG org.springframework.test.context.support.AbstractContextLoader - Did not detect default resource location for test class [com.alanford.carpediem.CarpediemApplicationTest]: class path resource [com/alanford/carpediem/CarpediemApplicationTest-context.xml] does not exist
20:28:02.460 [Test worker] DEBUG org.springframework.test.context.support.AbstractContextLoader - Did not detect default resource location for test class [com.alanford.carpediem.CarpediemApplicationTest]: class path resource [com/alanford/carpediem/CarpediemApplicationTestContext.groovy] does not exist
20:28:02.460 [Test worker] INFO org.springframework.test.context.support.AbstractContextLoader - Could not detect default resource locations for test class [com.alanford.carpediem.CarpediemApplicationTest]: no resource found for suffixes {-context.xml, Context.groovy}.
20:28:02.464 [Test worker] INFO org.springframework.test.context.support.AnnotationConfigContextLoaderUtils - Could not detect default configuration classes for test class [com.alanford.carpediem.CarpediemApplicationTest]: CarpediemApplicationTest does not declare any static, non-private, non-final, nested classes annotated with @Configuration.
20:28:02.523 [Test worker] DEBUG org.springframework.test.context.support.ActiveProfilesUtils - Could not find an 'annotation declaring class' for annotation type [org.springframework.test.context.ActiveProfiles] and class [com.alanford.carpediem.CarpediemApplicationTest]
20:28:02.598 [Test worker] DEBUG org.springframework.context.annotation.ClassPathScanningCandidateComponentProvider - Identified candidate component class: file [/Users/ganastasovki/Documents/carpe-diem/build/classes/kotlin/main/com/alanford/carpediem/CarpediemApplication.class]
20:28:02.599 [Test worker] INFO org.springframework.boot.test.context.SpringBootTestContextBootstrapper - Found @SpringBootConfiguration com.alanford.carpediem.CarpediemApplication for test class com.alanford.carpediem.CarpediemApplicationTest
20:28:02.683 [Test worker] DEBUG org.springframework.boot.test.context.SpringBootTestContextBootstrapper - @TestExecutionListeners is not present for class [com.alanford.carpediem.CarpediemApplicationTest]: using defaults.
20:28:02.683 [Test worker] INFO org.springframework.boot.test.context.SpringBootTestContextBootstrapper - Loaded default TestExecutionListener class names from location [META-INF/spring.factories]: [org.springframework.boot.test.autoconfigure.restdocs.RestDocsTestExecutionListener, org.springframework.boot.test.autoconfigure.web.client.MockRestServiceServerResetTestExecutionListener, org.springframework.boot.test.autoconfigure.web.servlet.MockMvcPrintOnlyOnFailureTestExecutionListener, org.springframework.boot.test.autoconfigure.web.servlet.WebDriverTestExecutionListener, org.springframework.boot.test.autoconfigure.webservices.client.MockWebServiceServerTestExecutionListener, org.springframework.boot.test.mock.mockito.MockitoTestExecutionListener, org.springframework.boot.test.mock.mockito.ResetMocksTestExecutionListener, org.springframework.test.context.web.ServletTestExecutionListener, org.springframework.test.context.support.DirtiesContextBeforeModesTestExecutionListener, org.springframework.test.context.support.DependencyInjectionTestExecutionListener, org.springframework.test.context.support.DirtiesContextTestExecutionListener, org.springframework.test.context.transaction.TransactionalTestExecutionListener, org.springframework.test.context.jdbc.SqlScriptsTestExecutionListener, org.springframework.test.context.event.EventPublishingTestExecutionListener]
20:28:02.695 [Test worker] DEBUG org.springframework.boot.test.context.SpringBootTestContextBootstrapper - Skipping candidate TestExecutionListener [org.springframework.test.context.transaction.TransactionalTestExecutionListener] due to a missing dependency. Specify custom listener classes or make the default listener classes and their required dependencies available. Offending class: [org/springframework/transaction/interceptor/TransactionAttributeSource]
20:28:02.696 [Test worker] DEBUG org.springframework.boot.test.context.SpringBootTestContextBootstrapper - Skipping candidate TestExecutionListener [org.springframework.test.context.jdbc.SqlScriptsTestExecutionListener] due to a missing dependency. Specify custom listener classes or make the default listener classes and their required dependencies available. Offending class: [org/springframework/transaction/interceptor/TransactionAttribute]
20:28:02.696 [Test worker] INFO org.springframework.boot.test.context.SpringBootTestContextBootstrapper - Using TestExecutionListeners: [org.springframework.test.context.web.ServletTestExecutionListener@5d32e529, org.springframework.test.context.support.DirtiesContextBeforeModesTestExecutionListener@4a0b88f0, org.springframework.boot.test.mock.mockito.MockitoTestExecutionListener@5231cc6f, org.springframework.boot.test.autoconfigure.SpringBootDependencyInjectionTestExecutionListener@5ecaa1f, org.springframework.test.context.support.DirtiesContextTestExecutionListener@4f3d1c26, org.springframework.test.context.event.EventPublishingTestExecutionListener@59674139, org.springframework.boot.test.autoconfigure.restdocs.RestDocsTestExecutionListener@569bcce, org.springframework.boot.test.autoconfigure.web.client.MockRestServiceServerResetTestExecutionListener@65b5422e, org.springframework.boot.test.autoconfigure.web.servlet.MockMvcPrintOnlyOnFailureTestExecutionListener@424eae92, org.springframework.boot.test.autoconfigure.web.servlet.WebDriverTestExecutionListener@21c3516b, org.springframework.boot.test.autoconfigure.webservices.client.MockWebServiceServerTestExecutionListener@69841651, org.springframework.boot.test.mock.mockito.ResetMocksTestExecutionListener@266f9d7d]
20:28:02.700 [Test worker] DEBUG org.springframework.test.context.support.AbstractDirtiesContextTestExecutionListener - Before test class: context [DefaultTestContext@78f18706 testClass = CarpediemApplicationTest, testInstance = [null], testMethod = [null], testException = [null], mergedContextConfiguration = [WebMergedContextConfiguration@5f198af8 testClass = CarpediemApplicationTest, locations = '{}', classes = '{class com.alanford.carpediem.CarpediemApplication}', contextInitializerClasses = '[]', activeProfiles = '{}', propertySourceLocations = '{}', propertySourceProperties = '{org.springframework.boot.test.context.SpringBootTestContextBootstrapper=true}', contextCustomizers = set[org.springframework.boot.test.autoconfigure.properties.PropertyMappingContextCustomizer@0, org.springframework.boot.test.autoconfigure.web.servlet.WebDriverContextCustomizerFactory$Customizer@466997dc, org.springframework.boot.test.context.filter.ExcludeFilterContextCustomizer@75778fb7, org.springframework.boot.test.json.DuplicateJsonObjectContextCustomizerFactory$DuplicateJsonObjectContextCustomizer@3e7de19f, org.springframework.boot.test.mock.mockito.MockitoContextCustomizer@0, org.springframework.boot.test.web.client.TestRestTemplateContextCustomizer@38c8c09e, org.springframework.boot.test.context.SpringBootTestArgs@1], resourceBasePath = 'src/main/webapp', contextLoader = 'org.springframework.boot.test.context.SpringBootContextLoader', parent = [null]], attributes = map['org.springframework.test.context.web.ServletTestExecutionListener.activateListener' -> true]], class annotated with @DirtiesContext [false] with mode [null].
20:28:02.734 [Test worker] DEBUG org.springframework.test.context.support.TestPropertySourceUtils - Adding inlined properties to environment: {spring.jmx.enabled=false, org.springframework.boot.test.context.SpringBootTestContextBootstrapper=true}

  .   ____          _            __ _ _
 /\\ / ___'_ __ _ _(_)_ __  __ _ \ \ \ \
( ( )\___ | '_ | '_| | '_ \/ _` | \ \ \ \
 \\/  ___)| |_)| | | | | || (_| |  ) ) ) )
  '  |____| .__|_| |_|_| |_\__, | / / / /
 =========|_|==============|___/=/_/_/_/
 :: Spring Boot ::        (v2.3.1.RELEASE)

2020-06-25 20:28:03.055  INFO 70844 --- [    Test worker] c.a.carpediem.CarpediemApplicationTest   : Starting CarpediemApplicationTest on LAPC02VTB5GHTD6 with PID 70844 (started by ganastasovki in /Users/ganastasovki/Documents/carpe-diem)
2020-06-25 20:28:03.057  INFO 70844 --- [    Test worker] c.a.carpediem.CarpediemApplicationTest   : No active profile set, falling back to default profiles: default
2020-06-25 20:28:04.113  INFO 70844 --- [    Test worker] o.s.s.concurrent.ThreadPoolTaskExecutor  : Initializing ExecutorService 'applicationTaskExecutor'
2020-06-25 20:28:04.362  INFO 70844 --- [    Test worker] c.a.carpediem.CarpediemApplicationTest   : Started CarpediemApplicationTest in 1.618 seconds (JVM running for 2.614)
]]></system-out>
  <system-err><![CDATA[]]></system-err>
</testsuite>
