<?xml version="1.0" encoding="UTF-8"?>
<testsuite name="com.alanford.carpediem.CarpediemApplicationTest" tests="1" skipped="0" failures="0" errors="0" timestamp="2020-06-25T23:40:10" hostname="LAPC02VTB5GHTD6" time="0.014">
  <properties/>
  <testcase name="listOfTopThirtyQuotes()" classname="com.alanford.carpediem.CarpediemApplicationTest" time="0.014"/>
  <system-out><![CDATA[]]></system-out>
  <system-err><![CDATA[]]></system-err>
</testsuite>
